<?xml version="1.0" encoding="UTF-8"?>
<testsuite xmlns:xsi="http://www.w3.org/2001/XMLSchema-instance" xsi:noNamespaceSchemaLocation="https://maven.apache.org/surefire/maven-surefire-plugin/xsd/surefire-test-report-3.0.xsd" version="3.0" name="com.notify.NotifyApplicationTests" time="12.666" tests="1" errors="0" skipped="0" failures="0">
  <properties>
[...]
</properties>
  <testcase name="contextLoads" classname="com.notify.NotifyApplicationTests" time="1.47">
    <system-out><![CDATA[13:35:55.794 [main] INFO org.springframework.test.context.support.AnnotationConfigContextLoaderUtils -- Could not detect default configuration classes for test class [com.notify.NotifyApplicationTests]: NotifyApplicationTests does not declare any static, non-private, non-final, nested classes annotated with @Configuration.
13:35:55.995 [main] INFO org.springframework.boot.test.context.SpringBootTestContextBootstrapper -- Found @SpringBootConfiguration com.notify.NotifyApplication for test class com.notify.NotifyApplicationTests

  .   ____          _            __ _ _
 /\\ / ___'_ __ _ _(_)_ __  __ _ \ \ \ \
( ( )\___ | '_ | '_| | '_ \/ _` | \ \ \ \
 \\/  ___)| |_)| | | | | || (_| |  ) ) ) )
  '  |____| .__|_| |_|_| |_\__, | / / / /
 =========|_|==============|___/=/_/_/_/
 :: Spring Boot ::                (v3.1.2)

2023-08-23T13:35:56.836+05:30  INFO 3836 --- [           main] com.notify.NotifyApplicationTests        : Starting NotifyApplicationTests using Java 17.0.7 with PID 3836 (started by Admin in C:\Users\Admin\Downloads\Telegram Desktop\Notify)
2023-08-23T13:35:56.842+05:30  INFO 3836 --- [           main] com.notify.NotifyApplicationTests        : No active profile set, falling back to 1 default profile: "default"
2023-08-23T13:35:58.428+05:30  INFO 3836 --- [           main] .s.d.r.c.RepositoryConfigurationDelegate : Bootstrapping Spring Data JPA repositories in DEFAULT mode.
2023-08-23T13:35:58.574+05:30  INFO 3836 --- [           main] .s.d.r.c.RepositoryConfigurationDelegate : Finished Spring Data repository scanning in 120 ms. Found 2 JPA repository interfaces.
2023-08-23T13:35:59.646+05:30  INFO 3836 --- [           main] o.hibernate.jpa.internal.util.LogHelper  : HHH000204: Processing PersistenceUnitInfo [name: default]
2023-08-23T13:35:59.780+05:30  INFO 3836 --- [           main] org.hibernate.Version                    : HHH000412: Hibernate ORM core version 6.2.6.Final
2023-08-23T13:35:59.785+05:30  INFO 3836 --- [           main] org.hibernate.cfg.Environment            : HHH000406: Using bytecode reflection optimizer
2023-08-23T13:36:00.251+05:30  INFO 3836 --- [           main] o.h.b.i.BytecodeProviderInitiator        : HHH000021: Bytecode provider name : bytebuddy
2023-08-23T13:36:00.566+05:30  INFO 3836 --- [           main] o.s.o.j.p.SpringPersistenceUnitInfo      : No LoadTimeWeaver setup: ignoring JPA class transformer
2023-08-23T13:36:00.596+05:30  INFO 3836 --- [           main] com.zaxxer.hikari.HikariDataSource       : HikariPool-1 - Starting...
2023-08-23T13:36:01.317+05:30  INFO 3836 --- [           main] com.zaxxer.hikari.pool.HikariPool        : HikariPool-1 - Added connection com.mysql.cj.jdbc.ConnectionImpl@7d1cb59f
2023-08-23T13:36:01.321+05:30  INFO 3836 --- [           main] com.zaxxer.hikari.HikariDataSource       : HikariPool-1 - Start completed.
2023-08-23T13:36:02.170+05:30  INFO 3836 --- [           main] o.h.b.i.BytecodeProviderInitiator        : HHH000021: Bytecode provider name : bytebuddy
2023-08-23T13:36:03.591+05:30  INFO 3836 --- [           main] o.h.e.t.j.p.i.JtaPlatformInitiator       : HHH000490: Using JtaPlatform implementation: [org.hibernate.engine.transaction.jta.platform.internal.NoJtaPlatform]
2023-08-23T13:36:03.887+05:30  INFO 3836 --- [           main] j.LocalContainerEntityManagerFactoryBean : Initialized JPA EntityManagerFactory for persistence unit 'default'
2023-08-23T13:36:04.630+05:30  INFO 3836 --- [           main] o.s.d.j.r.query.QueryEnhancerFactory     : Hibernate is in classpath; If applicable, HQL parser will be used.
2023-08-23T13:36:05.295+05:30  WARN 3836 --- [           main] JpaBaseConfiguration$JpaWebConfiguration : spring.jpa.open-in-view is enabled by default. Therefore, database queries may be performed during view rendering. Explicitly configure spring.jpa.open-in-view to disable this warning
2023-08-23T13:36:05.516+05:30  INFO 3836 --- [           main] o.s.s.web.DefaultSecurityFilterChain     : Will secure any request with [org.springframework.security.web.session.DisableEncodeUrlFilter@32eca9f4, org.springframework.security.web.context.request.async.WebAsyncManagerIntegrationFilter@49c3487f, org.springframework.security.web.context.SecurityContextHolderFilter@73fa97a9, org.springframework.security.web.header.HeaderWriterFilter@3459ccd9, org.springframework.security.web.authentication.logout.LogoutFilter@7720334e, org.springframework.security.web.authentication.UsernamePasswordAuthenticationFilter@30f0b75, org.springframework.security.web.savedrequest.RequestCacheAwareFilter@2512eaaa, org.springframework.security.web.servletapi.SecurityContextHolderAwareRequestFilter@55fb9e52, org.springframework.security.web.authentication.AnonymousAuthenticationFilter@1e6a8d01, org.springframework.security.web.access.ExceptionTranslationFilter@59881424, org.springframework.security.web.access.intercept.AuthorizationFilter@1eb3a6a3]
2023-08-23T13:36:06.540+05:30  INFO 3836 --- [           main] com.notify.NotifyApplicationTests        : Started NotifyApplicationTests in 10.249 seconds (process running for 12.209)
]]></system-out>
  </testcase>
</testsuite>